<?xml version="1.0" encoding="UTF-8"?>
<!-- Generated by org.testng.reporters.JUnitReportReporter -->
<testsuite hostname="DESKTOP-5EVK54D" failures="0" tests="2" name="testngdiscussion.AnnotationsInTestNG" time="0.036" errors="0" timestamp="2023-12-30T09:01:07 IST" skipped="0">
  <testcase classname="testngdiscussion.AnnotationsInTestNG" name="profile" time="0.006"/>
  <system-out/>
  <testcase classname="testngdiscussion.AnnotationsInTestNG" name="login" time="0.030"/>
  <system-out/>
</testsuite> <!-- testngdiscussion.AnnotationsInTestNG -->
