<?xml version="1.0" encoding="UTF-8"?>
<!-- Generated by org.testng.reporters.JUnitReportReporter -->
<testsuite hostname="DESKTOP-5EVK54D" failures="0" tests="50" name="testngdiscussion.DPTest" time="0.469" errors="0" timestamp="2024-02-09T09:25:55 IST" skipped="0">
  <testcase classname="testngdiscussion.DPTest" name="testCase" time="0.007"/>
  <system-out/>
  <testcase classname="testngdiscussion.DPTest" name="testCase" time="0.004"/>
  <system-out/>
  <testcase classname="testngdiscussion.DPTest" name="testCase" time="0.007"/>
  <system-out/>
  <testcase classname="testngdiscussion.DPTest" name="testCase" time="0.002"/>
  <system-out/>
  <testcase classname="testngdiscussion.DPTest" name="testCase" time="0.004"/>
  <system-out/>
  <testcase classname="testngdiscussion.DPTest" name="testCase" time="0.151"/>
  <system-out/>
  <testcase classname="testngdiscussion.DPTest" name="testCase" time="0.003"/>
  <system-out/>
  <testcase classname="testngdiscussion.DPTest" name="testCase" time="0.012"/>
  <system-out/>
  <testcase classname="testngdiscussion.DPTest" name="testCase" time="0.009"/>
  <system-out/>
  <testcase classname="testngdiscussion.DPTest" name="testCase" time="0.011"/>
  <system-out/>
  <testcase classname="testngdiscussion.DPTest" name="testCase" time="0.006"/>
  <system-out/>
  <testcase classname="testngdiscussion.DPTest" name="testCase" time="0.003"/>
  <system-out/>
  <testcase classname="testngdiscussion.DPTest" name="testCase" time="0.018"/>
  <system-out/>
  <testcase classname="testngdiscussion.DPTest" name="testCase" time="0.013"/>
  <system-out/>
  <testcase classname="testngdiscussion.DPTest" name="testCase" time="0.003"/>
  <system-out/>
  <testcase classname="testngdiscussion.DPTest" name="testCase" time="0.018"/>
  <system-out/>
  <testcase classname="testngdiscussion.DPTest" name="testCase" time="0.005"/>
  <system-out/>
  <testcase classname="testngdiscussion.DPTest" name="testCase" time="0.004"/>
  <system-out/>
  <testcase classname="testngdiscussion.DPTest" name="testCase" time="0.008"/>
  <system-out/>
  <testcase classname="testngdiscussion.DPTest" name="testCase" time="0.005"/>
  <system-out/>
  <testcase classname="testngdiscussion.DPTest" name="testCase" time="0.006"/>
  <system-out/>
  <testcase classname="testngdiscussion.DPTest" name="testCase" time="0.001"/>
  <system-out/>
  <testcase classname="testngdiscussion.DPTest" name="testCase" time="0.006"/>
  <system-out/>
  <testcase classname="testngdiscussion.DPTest" name="testCase" time="0.013"/>
  <system-out/>
  <testcase classname="testngdiscussion.DPTest" name="testCase" time="0.001"/>
  <system-out/>
  <testcase classname="testngdiscussion.DPTest" name="testCase" time="0.009"/>
  <system-out/>
  <testcase classname="testngdiscussion.DPTest" name="testCase" time="0.005"/>
  <system-out/>
  <testcase classname="testngdiscussion.DPTest" name="testCase" time="0.001"/>
  <system-out/>
  <testcase classname="testngdiscussion.DPTest" name="testCase" time="0.005"/>
  <system-out/>
  <testcase classname="testngdiscussion.DPTest" name="testCase" time="0.007"/>
  <system-out/>
  <testcase classname="testngdiscussion.DPTest" name="testCase" time="0.002"/>
  <system-out/>
  <testcase classname="testngdiscussion.DPTest" name="testCase" time="0.003"/>
  <system-out/>
  <testcase classname="testngdiscussion.DPTest" name="testCase" time="0.003"/>
  <system-out/>
  <testcase classname="testngdiscussion.DPTest" name="testCase" time="0.001"/>
  <system-out/>
  <testcase classname="testngdiscussion.DPTest" name="testCase" time="0.009"/>
  <system-out/>
  <testcase classname="testngdiscussion.DPTest" name="testCase" time="0.006"/>
  <system-out/>
  <testcase classname="testngdiscussion.DPTest" name="testCase" time="0.006"/>
  <system-out/>
  <testcase classname="testngdiscussion.DPTest" name="testCase" time="0.005"/>
  <system-out/>
  <testcase classname="testngdiscussion.DPTest" name="testCase" time="0.002"/>
  <system-out/>
  <testcase classname="testngdiscussion.DPTest" name="testCase" time="0.033"/>
  <system-out/>
  <testcase classname="testngdiscussion.DPTest" name="testCase" time="0.010"/>
  <system-out/>
  <testcase classname="testngdiscussion.DPTest" name="testCase" time="0.005"/>
  <system-out/>
  <testcase classname="testngdiscussion.DPTest" name="testCase" time="0.006"/>
  <system-out/>
  <testcase classname="testngdiscussion.DPTest" name="testCase" time="0.002"/>
  <system-out/>
  <testcase classname="testngdiscussion.DPTest" name="testCase" time="0.002"/>
  <system-out/>
  <testcase classname="testngdiscussion.DPTest" name="testCase" time="0.003"/>
  <system-out/>
  <testcase classname="testngdiscussion.DPTest" name="testCase" time="0.006"/>
  <system-out/>
  <testcase classname="testngdiscussion.DPTest" name="testCase" time="0.002"/>
  <system-out/>
  <testcase classname="testngdiscussion.DPTest" name="testCase" time="0.009"/>
  <system-out/>
  <testcase classname="testngdiscussion.DPTest" name="testCase" time="0.007"/>
  <system-out/>
</testsuite> <!-- testngdiscussion.DPTest -->
