<?xml version="1.0" encoding="UTF-8"?>
<!-- Generated by org.testng.reporters.JUnitReportReporter -->
<testsuite hostname="DESKTOP-5EVK54D" failures="0" tests="4" name="testngdiscussion.FacebookTestCase" time="0.045" errors="0" timestamp="2023-12-27T09:29:44 IST" skipped="0">
  <testcase classname="testngdiscussion.FacebookTestCase" name="home" time="0.018"/>
  <system-out/>
  <testcase classname="testngdiscussion.FacebookTestCase" name="login" time="0.008"/>
  <system-out/>
  <testcase classname="testngdiscussion.FacebookTestCase" name="profile" time="0.013"/>
  <system-out/>
  <testcase classname="testngdiscussion.FacebookTestCase" name="logout" time="0.006"/>
  <system-out/>
</testsuite> <!-- testngdiscussion.FacebookTestCase -->
