<?xml version="1.0" encoding="UTF-8"?>
<!-- Generated by org.testng.reporters.JUnitReportReporter -->
<testsuite hostname="DESKTOP-5EVK54D" failures="0" tests="4" name="testngdiscussion.ExecutingTestCaseParallel" time="0.105" errors="0" timestamp="2024-01-04T09:22:55 IST" skipped="0">
  <testcase classname="testngdiscussion.ExecutingTestCaseParallel" name="testCase1" time="0.027"/>
  <system-out/>
  <testcase classname="testngdiscussion.ExecutingTestCaseParallel" name="testCase2" time="0.026"/>
  <system-out/>
  <testcase classname="testngdiscussion.ExecutingTestCaseParallel" name="testCase3" time="0.026"/>
  <system-out/>
  <testcase classname="testngdiscussion.ExecutingTestCaseParallel" name="testCase4" time="0.026"/>
  <system-out/>
</testsuite> <!-- testngdiscussion.ExecutingTestCaseParallel -->
