<?xml version="1.0" encoding="UTF-8"?>
<!-- Generated by org.testng.reporters.JUnitReportReporter -->
<testsuite hostname="DESKTOP-5EVK54D" failures="0" tests="1" name="testngdiscussion.GroupingOfTestCase2" time="0.005" errors="0" timestamp="2024-01-01T09:03:29 IST" skipped="0">
  <testcase classname="testngdiscussion.GroupingOfTestCase2" name="titleValidation" time="0.005"/>
  <system-out/>
</testsuite> <!-- testngdiscussion.GroupingOfTestCase2 -->
