<?xml version="1.0" encoding="UTF-8"?>
<!-- Generated by org.testng.reporters.JUnitReportReporter -->
<testsuite hostname="DESKTOP-5EVK54D" failures="0" tests="1" name="locator.ImportantMethods" time="10.754" errors="0" timestamp="2024-01-20T09:02:24 IST" skipped="0">
  <testcase classname="locator.ImportantMethods" name="conditionalMethods" time="10.754"/>
  <system-out/>
</testsuite> <!-- locator.ImportantMethods -->
