<?xml version="1.0" encoding="UTF-8"?>
<!-- Generated by org.testng.reporters.JUnitReportReporter -->
<testsuite hostname="DESKTOP-5EVK54D" failures="0" tests="4" name="testngdiscussion.InvocationCountKeyword" time="0.037" errors="0" timestamp="2023-12-28T09:01:49 IST" skipped="0">
  <testcase classname="testngdiscussion.InvocationCountKeyword" name="testCase1" time="0.025"/>
  <system-out/>
  <testcase classname="testngdiscussion.InvocationCountKeyword" name="testCase1" time="0.005"/>
  <system-out/>
  <testcase classname="testngdiscussion.InvocationCountKeyword" name="testCase2" time="0.004"/>
  <system-out/>
  <testcase classname="testngdiscussion.InvocationCountKeyword" name="testCase1" time="0.003"/>
  <system-out/>
</testsuite> <!-- testngdiscussion.InvocationCountKeyword -->
