<?xml version="1.0" encoding="UTF-8"?>
<!-- Generated by org.testng.reporters.JUnitReportReporter -->
<testsuite hostname="DESKTOP-5EVK54D" failures="0" tests="2" name="testngdiscussion.HomePageTest" time="0.015" errors="0" timestamp="2023-12-30T08:54:15 IST" skipped="0">
  <testcase classname="testngdiscussion.HomePageTest" name="validateCarousel" time="0.006"/>
  <system-out/>
  <testcase classname="testngdiscussion.HomePageTest" name="verifyUrl" time="0.009"/>
  <system-out/>
</testsuite> <!-- testngdiscussion.HomePageTest -->
