<?xml version="1.0" encoding="UTF-8"?>
<!-- Generated by org.testng.reporters.JUnitReportReporter -->
<testsuite hostname="DESKTOP-5EVK54D" failures="0" tests="1" name="webtable.HandlingWebtable" time="9.016" errors="0" timestamp="2024-01-08T09:33:47 IST" skipped="0">
  <testcase classname="webtable.HandlingWebtable" name="printElementOfWebTable" time="9.016"/>
  <system-out/>
</testsuite> <!-- webtable.HandlingWebtable -->
