<?xml version="1.0" encoding="UTF-8"?>
<!-- Generated by org.testng.reporters.JUnitReportReporter -->
<testsuite hostname="DESKTOP-5EVK54D" failures="0" tests="2" name="testngdiscussion.HomePageTest" time="0.013" errors="0" timestamp="2023-12-29T09:29:28 IST" skipped="0">
  <testcase classname="testngdiscussion.HomePageTest" name="verifyUrl" time="0.008"/>
  <system-out/>
  <testcase classname="testngdiscussion.HomePageTest" name="validateCarousel" time="0.005"/>
  <system-out/>
</testsuite> <!-- testngdiscussion.HomePageTest -->
