<?xml version="1.0" encoding="UTF-8"?>
<!-- Generated by org.testng.reporters.JUnitReportReporter -->
<testsuite hostname="DESKTOP-5EVK54D" failures="0" tests="3" name="testngdiscussion.AmazonTestCases" time="25.017" errors="0" timestamp="2023-12-30T08:48:50 IST" skipped="0">
  <testcase classname="testngdiscussion.AmazonTestCases" name="launchBrowser" time="13.299"/>
  <system-out/>
  <testcase classname="testngdiscussion.AmazonTestCases" name="searchProduct" time="6.455"/>
  <system-out/>
  <testcase classname="testngdiscussion.AmazonTestCases" name="clickOnSamsungPhone" time="5.263"/>
  <system-out/>
</testsuite> <!-- testngdiscussion.AmazonTestCases -->
