<?xml version="1.0" encoding="UTF-8"?>
<!-- Generated by org.testng.reporters.JUnitReportReporter -->
<testsuite hostname="DESKTOP-5EVK54D" failures="0" tests="3" name="testngdiscussion.IncludeAndExcludeTestCaseFromClass" time="0.021" errors="0" timestamp="2024-01-01T09:27:07 IST" skipped="0">
  <testcase classname="testngdiscussion.IncludeAndExcludeTestCaseFromClass" name="logout" time="0.003"/>
  <system-out/>
  <testcase classname="testngdiscussion.IncludeAndExcludeTestCaseFromClass" name="profile" time="0.003"/>
  <system-out/>
  <testcase classname="testngdiscussion.IncludeAndExcludeTestCaseFromClass" name="home" time="0.015"/>
  <system-out/>
</testsuite> <!-- testngdiscussion.IncludeAndExcludeTestCaseFromClass -->
