<?xml version="1.0" encoding="UTF-8"?>
<!-- Generated by org.testng.reporters.JUnitReportReporter -->
<testsuite hostname="DESKTOP-5EVK54D" failures="0" tests="1" name="locator.ValidateTextWrittenInField" time="10.511" errors="0" timestamp="2024-01-20T08:42:48 IST" skipped="0">
  <testcase classname="locator.ValidateTextWrittenInField" name="validateText" time="10.511"/>
  <system-out/>
</testsuite> <!-- locator.ValidateTextWrittenInField -->
