<?xml version="1.0" encoding="UTF-8"?>
<!-- Generated by org.testng.reporters.JUnitReportReporter -->
<testsuite hostname="DESKTOP-5EVK54D" failures="0" tests="3" name="pompage.RegisterUser" time="9.651" errors="0" timestamp="2024-01-09T09:16:26 IST" skipped="0">
  <testcase classname="pompage.RegisterUser" name="loginToApp" time="9.111"/>
  <system-out/>
  <testcase classname="pompage.RegisterUser" name="registerUser" time="0.252"/>
  <system-out/>
  <testcase classname="pompage.RegisterUser" name="fillRegistrationForm" time="0.288"/>
  <system-out/>
</testsuite> <!-- pompage.RegisterUser -->
