<?xml version="1.0" encoding="UTF-8"?>
<!-- Generated by org.testng.reporters.JUnitReportReporter -->
<testsuite hostname="DESKTOP-5EVK54D" failures="0" tests="2" name="testngdiscussion.AnnotationsInTestNG" time="0.026" errors="0" timestamp="2023-12-29T08:41:25 IST" skipped="0">
  <testcase classname="testngdiscussion.AnnotationsInTestNG" name="profile" time="0.007"/>
  <system-out/>
  <testcase classname="testngdiscussion.AnnotationsInTestNG" name="login" time="0.019"/>
  <system-out/>
</testsuite> <!-- testngdiscussion.AnnotationsInTestNG -->
