<?xml version="1.0" encoding="UTF-8"?>
<!-- Generated by org.testng.reporters.JUnitReportReporter -->
<testsuite hostname="DESKTOP-5EVK54D" failures="0" tests="2" name="testngdiscussion.ExecutingTestTagInParallel2" time="7.198" errors="0" timestamp="2024-01-06T08:59:31 IST" skipped="0">
  <testcase classname="testngdiscussion.ExecutingTestTagInParallel2" name="launchChrome" time="7.117"/>
  <system-out/>
  <testcase classname="testngdiscussion.ExecutingTestTagInParallel2" name="getTitleOfPage" time="0.081"/>
  <system-out/>
</testsuite> <!-- testngdiscussion.ExecutingTestTagInParallel2 -->
