<?xml version="1.0" encoding="UTF-8"?>
<!-- Generated by org.testng.reporters.JUnitReportReporter -->
<testsuite hostname="DESKTOP-5EVK54D" failures="0" tests="3" name="testngdiscussion.GroupingOfTestCase" time="0.034" errors="0" timestamp="2024-01-01T09:08:37 IST" skipped="0">
  <testcase classname="testngdiscussion.GroupingOfTestCase" name="home" time="0.024"/>
  <system-out/>
  <testcase classname="testngdiscussion.GroupingOfTestCase" name="profile" time="0.005"/>
  <system-out/>
  <testcase classname="testngdiscussion.GroupingOfTestCase" name="login" time="0.005"/>
  <system-out/>
</testsuite> <!-- testngdiscussion.GroupingOfTestCase -->
