<?xml version="1.0" encoding="UTF-8"?>
<!-- Generated by org.testng.reporters.JUnitReportReporter -->
<testsuite hostname="DESKTOP-5EVK54D" failures="0" tests="2" name="testclasses.LoginTest" time="0.702" errors="0" timestamp="2024-01-11T09:20:26 IST" skipped="0">
  <testcase classname="testclasses.LoginTest" name="validateTitle" time="0.059"/>
  <system-out/>
  <testcase classname="testclasses.LoginTest" name="loginToApp" time="0.643"/>
  <system-out/>
</testsuite> <!-- testclasses.LoginTest -->
