<?xml version="1.0" encoding="UTF-8"?>
<!-- Generated by org.testng.reporters.JUnitReportReporter -->
<testsuite hostname="DESKTOP-5EVK54D" failures="0" tests="2" name="testngdiscussion.ExecutingTestTagInParallel" time="15.317" errors="0" timestamp="2024-01-06T08:59:31 IST" skipped="0">
  <testcase classname="testngdiscussion.ExecutingTestTagInParallel" name="launchfireFox" time="15.267"/>
  <system-out/>
  <testcase classname="testngdiscussion.ExecutingTestTagInParallel" name="getTitleOfPage" time="0.050"/>
  <system-out/>
</testsuite> <!-- testngdiscussion.ExecutingTestTagInParallel -->
