<?xml version="1.0" encoding="UTF-8"?>
<!-- Generated by org.testng.reporters.JUnitReportReporter -->
<testsuite hostname="DESKTOP-5EVK54D" failures="0" tests="1" name="testngdiscussion.ExecutingClassesInParallel2" time="11.923" errors="0" timestamp="2024-01-06T08:50:27 IST" skipped="0">
  <testcase classname="testngdiscussion.ExecutingClassesInParallel2" name="launchChrome" time="11.923"/>
  <system-out/>
</testsuite> <!-- testngdiscussion.ExecutingClassesInParallel2 -->
