<?xml version="1.0" encoding="UTF-8"?>
<!-- Generated by org.testng.reporters.JUnitReportReporter -->
<testsuite hostname="DESKTOP-5EVK54D" failures="0" tests="2" name="waits.TestCase" time="0.010" errors="0" timestamp="2023-12-29T09:29:28 IST" skipped="0">
  <testcase classname="waits.TestCase" name="testCase1" time="0.004"/>
  <system-out/>
  <testcase classname="waits.TestCase" name="testCase2" time="0.006"/>
  <system-out/>
</testsuite> <!-- waits.TestCase -->
