<?xml version="1.0" encoding="UTF-8"?>
<!-- Generated by org.testng.reporters.JUnitReportReporter -->
<testsuite hostname="DESKTOP-5EVK54D" failures="0" tests="2" name="testngdiscussion.LoginPage" time="0.026" errors="0" timestamp="2023-12-29T09:29:29 IST" skipped="0">
  <testcase classname="testngdiscussion.LoginPage" name="loginToApp" time="0.013"/>
  <system-out/>
  <testcase classname="testngdiscussion.LoginPage" name="getTitle" time="0.013"/>
  <system-out/>
</testsuite> <!-- testngdiscussion.LoginPage -->
