<?xml version="1.0" encoding="UTF-8"?>
<!-- Generated by org.testng.reporters.JUnitReportReporter -->
<testsuite hostname="DESKTOP-5EVK54D" failures="0" tests="2" name="testngdiscussion.TestCase" time="0.030" errors="0" timestamp="2023-12-27T09:22:17 IST" skipped="0">
  <testcase classname="testngdiscussion.TestCase" name="testCase1" time="0.018"/>
  <system-out/>
  <testcase classname="testngdiscussion.TestCase" name="testCase2" time="0.012"/>
  <system-out/>
</testsuite> <!-- testngdiscussion.TestCase -->
