<?xml version="1.0" encoding="UTF-8"?>
<!-- Generated by org.testng.reporters.JUnitReportReporter -->
<testsuite hostname="DESKTOP-5EVK54D" failures="0" tests="2" name="testclasses.LoginTest" time="0.812" errors="0" timestamp="2024-01-15T08:38:05 IST" skipped="0">
  <testcase classname="testclasses.LoginTest" name="validateTitle" time="0.061"/>
  <system-out/>
  <testcase classname="testclasses.LoginTest" name="loginToApp" time="0.751"/>
  <system-out/>
</testsuite> <!-- testclasses.LoginTest -->
