<?xml version="1.0" encoding="UTF-8"?>
<!-- Generated by org.testng.reporters.JUnitReportReporter -->
<testsuite hostname="DESKTOP-5EVK54D" failures="0" tests="4" name="testngdiscussion.FacebookTestCase" time="0.032" errors="0" timestamp="2023-12-28T08:56:04 IST" skipped="0">
  <testcase classname="testngdiscussion.FacebookTestCase" name="profile" time="0.019"/>
  <system-out/>
  <testcase classname="testngdiscussion.FacebookTestCase" name="home" time="0.004"/>
  <system-out/>
  <testcase classname="testngdiscussion.FacebookTestCase" name="login" time="0.002"/>
  <system-out/>
  <testcase classname="testngdiscussion.FacebookTestCase" name="logout" time="0.007"/>
  <system-out/>
</testsuite> <!-- testngdiscussion.FacebookTestCase -->
