<?xml version="1.0" encoding="UTF-8"?>
<!-- Generated by org.testng.reporters.JUnitReportReporter -->
<testsuite hostname="DESKTOP-5EVK54D" failures="0" tests="2" name="testclasses.RegisterTest" time="4.606" errors="0" timestamp="2024-01-13T09:29:26 IST" skipped="0">
  <testcase classname="testclasses.RegisterTest" name="registerUser" time="4.311"/>
  <system-out/>
  <testcase classname="testclasses.RegisterTest" name="navToLoginPage" time="0.295"/>
  <system-out/>
</testsuite> <!-- testclasses.RegisterTest -->
