<?xml version="1.0" encoding="UTF-8"?>
<!-- Generated by org.testng.reporters.JUnitReportReporter -->
<testsuite hostname="DESKTOP-5EVK54D" failures="0" tests="2" name="testngdiscussion.DependsOnMethod2" time="0.003" errors="0" timestamp="2023-12-30T09:30:06 IST" skipped="1">
  <testcase classname="testngdiscussion.DependsOnMethod2" name="validateTitleOfPage" time="0.000">
    <skipped/>
  </testcase> <!-- validateTitleOfPage -->
  <system-out/>
  <testcase classname="testngdiscussion.DependsOnMethod2" name="logout" time="0.003"/>
  <system-out/>
</testsuite> <!-- testngdiscussion.DependsOnMethod2 -->
