<?xml version="1.0" encoding="UTF-8"?>
<!-- Generated by org.testng.reporters.JUnitReportReporter -->
<testsuite hostname="DESKTOP-5EVK54D" failures="0" tests="2" name="pompage.LoginTest" time="7.355" errors="0" timestamp="2024-01-09T09:16:26 IST" skipped="0">
  <testcase classname="pompage.LoginTest" name="loginToApp" time="7.093"/>
  <system-out/>
  <testcase classname="pompage.LoginTest" name="registerUser" time="0.262"/>
  <system-out/>
</testsuite> <!-- pompage.LoginTest -->
