<?xml version="1.0" encoding="UTF-8"?>
<!-- Generated by org.testng.reporters.JUnitReportReporter -->
<testsuite hostname="DESKTOP-5EVK54D" failures="0" tests="6" name="testngdiscussion.ParametersInTestNG" time="17.875" errors="0" timestamp="2024-01-02T09:16:57 IST" skipped="0">
  <testcase classname="testngdiscussion.ParametersInTestNG" name="getBrowsername" time="0.027"/>
  <system-out/>
  <testcase classname="testngdiscussion.ParametersInTestNG" name="getBrowsername" time="0.006"/>
  <system-out/>
  <testcase classname="testngdiscussion.ParametersInTestNG" name="getServerAndBrowser" time="7.714"/>
  <system-out/>
  <testcase classname="testngdiscussion.ParametersInTestNG" name="getServerAndBrowser" time="10.113"/>
  <system-out/>
  <testcase classname="testngdiscussion.ParametersInTestNG" name="getProjectAndBrowserName" time="0.009"/>
  <system-out/>
  <testcase classname="testngdiscussion.ParametersInTestNG" name="getProjectAndBrowserName" time="0.006"/>
  <system-out/>
</testsuite> <!-- testngdiscussion.ParametersInTestNG -->
