<?xml version="1.0" encoding="UTF-8"?>
<!-- Generated by org.testng.reporters.JUnitReportReporter -->
<testsuite hostname="DESKTOP-5EVK54D" failures="0" tests="2" name="waits.TestCase" time="0.023" errors="0" timestamp="2023-12-30T08:54:15 IST" skipped="0">
  <testcase classname="waits.TestCase" name="testCase2" time="0.007"/>
  <system-out/>
  <testcase classname="waits.TestCase" name="testCase1" time="0.016"/>
  <system-out/>
</testsuite> <!-- waits.TestCase -->
