<?xml version="1.0" encoding="UTF-8"?>
<!-- Generated by org.testng.reporters.JUnitReportReporter -->
<testsuite hostname="DESKTOP-5EVK54D" failures="0" tests="4" name="testngdiscussion.EnabledKeyword" time="0.023" errors="0" timestamp="2023-12-28T09:18:09 IST" skipped="1">
  <testcase classname="testngdiscussion.EnabledKeyword" name="login" time="0.014"/>
  <system-out/>
  <testcase classname="testngdiscussion.EnabledKeyword" name="home" time="0.004"/>
  <system-out/>
  <testcase classname="testngdiscussion.EnabledKeyword" name="profile" time="0.005"/>
  <system-out/>
  <testcase classname="testngdiscussion.EnabledKeyword" name="logout">
    <skipped/>
  </testcase> <!-- logout -->
  <system-out/>
</testsuite> <!-- testngdiscussion.EnabledKeyword -->
