<?xml version="1.0" encoding="UTF-8"?>
<!-- Generated by org.testng.reporters.JUnitReportReporter -->
<testsuite hostname="DESKTOP-5EVK54D" failures="0" tests="2" name="testclasses.RegisterTest" time="4.224" errors="0" timestamp="2024-01-11T09:20:26 IST" skipped="0">
  <testcase classname="testclasses.RegisterTest" name="registerUser" time="3.944"/>
  <system-out/>
  <testcase classname="testclasses.RegisterTest" name="navToLoginPage" time="0.280"/>
  <system-out/>
</testsuite> <!-- testclasses.RegisterTest -->
